<?xml version="1.0" encoding="UTF-8"?>
<!-- Generated by org.testng.reporters.JUnitReportReporter -->
<testsuite hostname="UJEGARAK-M5BUR" name="qaclickacademy.AppiumTest" tests="2" failures="0" timestamp="18 Nov 2021 12:52:10 GMT" time="0.012" errors="0">
  <testcase name="IOSApps" time="0.012" classname="qaclickacademy.AppiumTest"/>
  <testcase name="NativeappAndroid" time="0.000" classname="qaclickacademy.AppiumTest"/>
</testsuite> <!-- qaclickacademy.AppiumTest -->
