<?xml version="1.0" encoding="UTF-8"?>
<!-- Generated by org.testng.reporters.JUnitReportReporter -->
<testsuite hostname="UJEGARAK-M5BUR" name="qaclickacademy.RESTAPITest" tests="2" failures="0" timestamp="18 Nov 2021 12:47:21 GMT" time="0.000" errors="0">
  <testcase name="deleteTwitter" time="0.000" classname="qaclickacademy.RESTAPITest"/>
  <testcase name="postJira" time="0.000" classname="qaclickacademy.RESTAPITest"/>
</testsuite> <!-- qaclickacademy.RESTAPITest -->
